<?xml version="1.0" encoding="UTF-8"?>
<!-- Generated by org.testng.reporters.JUnitReportReporter -->
<testsuite hostname="BLR2-7200013119" name="com.TestCases.SearchASIN2" tests="1" failures="0" timestamp="23 Jun 2016 14:12:40 GMT" time="50.917" errors="0">
  <testcase name="testCase1" time="50.917" classname="com.TestCases.SearchASIN2"/>
</testsuite> <!-- com.TestCases.SearchASIN2 -->
