<?xml version="1.0" encoding="UTF-8"?>
<!-- Generated by org.testng.reporters.JUnitReportReporter -->
<testsuite hostname="BLR2-7200013119" name="com.BaseTest.BaseClass" tests="1" failures="0" timestamp="12 Jul 2016 17:27:45 GMT" time="24.787" errors="0">
  <testcase name="Base" time="24.787" classname="com.BaseTest.BaseClass"/>
</testsuite> <!-- com.BaseTest.BaseClass -->
