<?xml version="1.0" encoding="UTF-8"?>
<!-- Generated by org.testng.reporters.JUnitReportReporter -->
<testsuite hostname="BLR2-7200013119" name="com.TestCases.SearchASIN" tests="1" failures="0" timestamp="2 Jul 2016 14:50:31 GMT" time="62.267" errors="0">
  <testcase name="testCase1" time="62.267" classname="com.TestCases.SearchASIN"/>
</testsuite> <!-- com.TestCases.SearchASIN -->
